<?xml version="1.0" encoding="UTF-8"?>
<!-- Generated by org.testng.reporters.JUnitXMLReporter -->
<testsuite ignored="0" hostname="IML011012876" failures="2" tests="3" name="Test" time="66.829" errors="0" timestamp="2022-11-13T16:19:10 IST">
  <testcase classname="io.cucumber.testng.AbstractTestNGCucumberTests" name="runScenario" time="30.939">
    <failure type="java.lang.AssertionError">
      <![CDATA[java.lang.AssertionError
at org.junit.Assert.fail(Assert.java:87)
at org.junit.Assert.assertTrue(Assert.java:42)
at org.junit.Assert.assertTrue(Assert.java:53)
at StepDefinition.StepDef.page_title_should_be(StepDef.java:115)
at ✽.Page Title should be "Your store. Login1"(file:///C:/Users/raghuvardhanu/eclipse-workspace/test44/./Feature/LoginFeature.feature:10)
]]>
    </failure>
  </testcase> <!-- runScenario -->
  <testcase classname="io.cucumber.testng.AbstractTestNGCucumberTests" name="runScenario" time="22.438"/>
  <testcase classname="io.cucumber.testng.AbstractTestNGCucumberTests" name="runScenario" time="8.255">
    <failure type="java.lang.AssertionError">
      <![CDATA[java.lang.AssertionError
at org.junit.Assert.fail(Assert.java:87)
at org.junit.Assert.assertTrue(Assert.java:42)
at org.junit.Assert.assertTrue(Assert.java:53)
at StepDefinition.StepDef.page_title_should_be(StepDef.java:115)
at ✽.Page Title should be "Dashboard / nopCommerce administration"(file:///C:/Users/raghuvardhanu/eclipse-workspace/test44/./Feature/LoginFeature.feature:18)
]]>
    </failure>
  </testcase> <!-- runScenario -->
</testsuite> <!-- Test -->
